[debug] [2025-03-17T23:43:09.734Z] ----------------------------------------------------------------------
[debug] [2025-03-17T23:43:09.740Z] Command:       C:\Program Files\nodejs\node.exe C:\Users\Joel\AppData\Roaming\npm\node_modules\firebase-tools\lib\bin\firebase.js login
[debug] [2025-03-17T23:43:09.741Z] CLI Version:   13.34.0
[debug] [2025-03-17T23:43:09.741Z] Platform:      win32
[debug] [2025-03-17T23:43:09.741Z] Node Version:  v22.13.0
[debug] [2025-03-17T23:43:09.742Z] Time:          Mon Mar 17 2025 17:43:09 GMT-0600 (hora estándar central)
[debug] [2025-03-17T23:43:09.742Z] ----------------------------------------------------------------------
[debug] 
[debug] [2025-03-17T23:43:09.756Z] >>> [apiv2][query] GET https://firebase-public.firebaseio.com/cli.json [none]
[info] i  Firebase optionally collects CLI and Emulator Suite usage and error reporting information to help improve our products. Data is collected in accordance with Google's privacy policy (https://policies.google.com/privacy) and is not used to identify you.
 
[debug] [2025-03-17T23:43:10.132Z] <<< [apiv2][status] GET https://firebase-public.firebaseio.com/cli.json 200
[debug] [2025-03-17T23:43:10.133Z] <<< [apiv2][body] GET https://firebase-public.firebaseio.com/cli.json {"cloudBuildErrorAfter":1594252800000,"cloudBuildWarnAfter":1590019200000,"defaultNode10After":1594252800000,"minVersion":"3.0.5","node8DeploysDisabledAfter":1613390400000,"node8RuntimeDisabledAfter":1615809600000,"node8WarnAfter":1600128000000}
[info] i  To change your data collection preference at any time, run `firebase logout` and log in again. 
[info] 
[info] Visit this URL on this device to log in:
[info] https://accounts.google.com/o/oauth2/auth?client_id=563584335869-fgrhgmd47bqnekij5i8b5pr03ho849e6.apps.googleusercontent.com&scope=email%20openid%20https%3A%2F%2Fwww.googleapis.com%2Fauth%2Fcloudplatformprojects.readonly%20https%3A%2F%2Fwww.googleapis.com%2Fauth%2Ffirebase%20https%3A%2F%2Fwww.googleapis.com%2Fauth%2Fcloud-platform&response_type=code&state=328485390&redirect_uri=http%3A%2F%2Flocalhost%3A9005
[info] 
[info] Waiting for authentication...
[debug] [2025-03-17T23:45:49.394Z] >>> [apiv2][query] POST https://auth.firebase.tools/attest [none]
[debug] [2025-03-17T23:45:49.394Z] >>> [apiv2][body] POST https://auth.firebase.tools/attest {"session_id":"d55d9b46-23b9-499d-b804-f501f521cc38"}
[debug] [2025-03-17T23:45:50.039Z] <<< [apiv2][status] POST https://auth.firebase.tools/attest 200
[debug] [2025-03-17T23:45:50.040Z] <<< [apiv2][body] POST https://auth.firebase.tools/attest {"token":"UMz-fLVlivTRc3NfEVFrkKhzy4yQpbMoJclaJuvyhm4"}
[info] 
[info] To sign in to the Firebase CLI:
[info] 
[info] 1. Take note of your session ID:
[info] 
[info]    D55D9
[info] 
[info] 2. Visit the URL below on any device and follow the instructions to get your code:
[info] 
[info]    https://auth.firebase.tools/login?code_challenge=t5EWeIJ5ZbC9S5jqpQcr4KIlPqukRpIJc33Jf9ehbnA&session=d55d9b46-23b9-499d-b804-f501f521cc38&attest=UMz-fLVlivTRc3NfEVFrkKhzy4yQpbMoJclaJuvyhm4
[info] 
[info] 3. Paste or enter the authorization code below once you have it:
[info] 
